2025-05-22 08:00:05 - New user registered
2025-05-22 08:00:44 - User logged in
2025-05-23 07:17:36 - Admin logged in: admin
2025-05-23 07:23:28 - Admin logged in: admin
2025-05-23 07:24:12 - Added student email: 232434@Students.au.edu.pk
2025-05-23 07:37:00 - Admin logged in: admin
2025-05-23 07:37:23 - Admin logged out
2025-05-23 07:39:18 - New complaint submitted by 3310377956693
2025-05-23 07:39:34 - Admin logged in: admin
2025-05-24 09:48:01 - Admin logged in: admin
2025-05-24 11:59:37 - Admin logged in: admin
2025-05-24 11:59:47 - Added student CNIC: 3310377956693
2025-05-24 12:12:34 - Admin logged in: admin
2025-05-24 12:12:55 - Added student email: 242363@students.au.edu.pk
2025-05-24 17:29:54 - Admin logged in
2025-05-24 17:32:38 - Admin logged in
2025-05-25 10:05:13 - User logged in: 3310377956693
2025-05-25 10:06:08 - User logged in: 3310377956693
2025-05-26 04:35:46 - User logged in: 3310377956693
2025-05-26 04:54:20 - User logged in: 3310377956693
2025-05-26 04:55:00 - Admin logged in
